<?xml version="1.0" encoding="UTF-8"?>
<!-- Generated by org.testng.reporters.JUnitReportReporter -->
<testsuite hostname="Latha-Somas-MacBook-Pro.local" failures="0" tests="1" name="com.LSAutomation.lsProject.TestDemo1" time="9.485" errors="0" timestamp="2022-05-01T16:32:17 PDT" skipped="0">
  <testcase classname="com.LSAutomation.lsProject.TestDemo1" name="Test1" time="9.485"/>
  <system-out/>
</testsuite> <!-- com.LSAutomation.lsProject.TestDemo1 -->
